5179 CloseBraceToken "}"
5340 FirstTemplateToken "`}\n              >\n                <Image\n                  src={image || \"/placeholder.svg?height=80&width=80&query=product thumbnail\"}\n                  alt={`"
5341 Identifier "$"
5342 FirstPunctuation "{"
5349 Identifier "product"
5350 DotToken "."
5354 Identifier "name"
5355 CloseBraceToken "}"
5356 WhitespaceTrivia " "
5360 Identifier "view"
5361 WhitespaceTrivia " "
5362 Identifier "$"
5363 FirstPunctuation "{"
5368 Identifier "index"
5369 WhitespaceTrivia " "
5370 PlusToken "+"
5371 WhitespaceTrivia " "
5372 FirstLiteralToken "1"
5373 CloseBraceToken "}"
6468 FirstTemplateToken "`}\n                  fill\n                  className=\"object-contain p-1\"\n                />\n              </button>\n            ))}\n          </div>\n        )}\n      </div>\n\n      {/* Product Info */}\n      <div className=\"space-y-6\">\n        {/* Brand */}\n        <div className=\"text-sm text-muted-foreground\">{product.brandName}</div>\n\n        {/* Title */}\n        <h1 className=\"text-2xl md:text-3xl font-bold\">{product.name}</h1>\n\n        {/* SKU */}\n        <div className=\"text-sm text-muted-foreground\">SKU: {product.sku}</div>\n\n        {/* Price */}\n        <div className=\"flex items-baseline gap-3\">\n          <span className=\"text-3xl font-bold text-primary\">{formatPrice(product.price)}</span>\n          {hasDiscount && (\n            <span className=\"text-xl text-muted-foreground line-through\">{formatPrice(product.originalPrice!)}</span>\n          )}\n        </div>\n\n        {/* Stock Status */}\n        <div className=\"flex items-center gap-2\">\n          {isInStock ? (\n            <>\n              <Check className=\"h-5 w-5 text-green-600\" />\n              <span className={`"
6472 Identifier "font"
6473 MinusToken "-"
6479 Identifier "medium"
6480 WhitespaceTrivia " "
6481 Identifier "$"
6482 FirstPunctuation "{"
6492 Identifier "isLowStock"
6493 WhitespaceTrivia " "
6494 QuestionToken "?"
6495 WhitespaceTrivia " "
6512 StringLiteral "\"text-orange-600\""
6513 WhitespaceTrivia " "
6514 ColonToken ":"
6515 WhitespaceTrivia " "
6531 StringLiteral "\"text-green-600\""
6532 CloseBraceToken "}"
6567 FirstTemplateToken "`}>\n                {isLowStock ? `"
6571 Identifier "Only"
6572 WhitespaceTrivia " "
6573 Identifier "$"
6574 FirstPunctuation "{"
6581 Identifier "product"
6582 DotToken "."
6587 Identifier "stock"
6588 CloseBraceToken "}"
6589 WhitespaceTrivia " "
6593 Identifier "left"
6594 WhitespaceTrivia " "
6596 InKeyword "in"
6597 WhitespaceTrivia " "
6602 Identifier "stock"
8575 FirstTemplateToken "` : \"In Stock\"}\n              </span>\n            </>\n          ) : (\n            <span className=\"text-destructive font-medium\">Out of Stock</span>\n          )}\n        </div>\n\n        {/* Short Description */}\n        <p className=\"text-muted-foreground leading-relaxed\">{product.shortDescription}</p>\n\n        {/* Quantity & Purchase Actions */}\n        <div className=\"flex flex-col gap-4\">\n          {/* Quantity Selector */}\n          <div className=\"flex items-center border border-border rounded-lg w-fit\">\n            <button\n              onClick={() => setQuantity(Math.max(1, quantity - 1))}\n              className=\"p-3 hover:bg-muted transition-colors\"\n              disabled={!isInStock}\n            >\n              <Minus className=\"h-4 w-4\" />\n            </button>\n            <span className=\"w-12 text-center font-medium\">{quantity}</span>\n            <button\n              onClick={() => setQuantity(Math.min(product.stock, quantity + 1))}\n              className=\"p-3 hover:bg-muted transition-colors\"\n              disabled={!isInStock || quantity >= product.stock}\n            >\n              <Plus className=\"h-4 w-4\" />\n            </button>\n          </div>\n\n          {/* Action Buttons */}\n          <div className=\"flex flex-col sm:flex-row gap-3\">\n            <Button size=\"lg\" variant=\"outline\" className=\"flex-1\" onClick={handleAddToCart} disabled={!isInStock}>\n              <ShoppingCart className=\"mr-2 h-5 w-5\" />\n              Add to Cart\n            </Button>\n            <Button size=\"lg\" className=\"flex-1 bg-gold-600 hover:bg-gold-700 text-black font-semibold\" onClick={handleBuyNow} disabled={!isInStock}>\n              <Zap className=\"mr-2 h-5 w-5\" />\n              Buy Now\n            </Button>\n          </div>\n        </div>\n\n          {/* Wishlist & Share Buttons - on one row */}\n          <div className=\"flex gap-3\">\n            <Button \n              size=\"lg\" \n              variant=\"outline\" \n              className={`"
8579 Identifier "flex"
8580 MinusToken "-"
8581 FirstLiteralToken "1"
8582 WhitespaceTrivia " "
8584 Identifier "sm"
8585 ColonToken ":"
8589 Identifier "flex"
8590 MinusToken "-"
8594 Identifier "none"
8595 WhitespaceTrivia " "
8597 Identifier "sm"
8598 ColonToken ":"
8600 Identifier "px"
8601 MinusToken "-"
8602 FirstLiteralToken "4"
8603 WhitespaceTrivia " "
8605 Identifier "bg"
8606 MinusToken "-"
8617 Identifier "transparent"
8618 WhitespaceTrivia " "
8628 Identifier "transition"
8629 MinusToken "-"
8635 Identifier "colors"
8636 WhitespaceTrivia " "
8637 Identifier "$"
8638 FirstPunctuation "{"
8650 Identifier "isInWishlist"
8651 OpenParenToken "("
8658 Identifier "product"
8659 DotToken "."
8661 Identifier "id"
8662 CloseParenToken ")"
8663 WhitespaceTrivia " "
8664 QuestionToken "?"
8665 WhitespaceTrivia " "
8691 StringLiteral "\"bg-red-50 border-red-300\""
8692 WhitespaceTrivia " "
8693 ColonToken ":"
8694 WhitespaceTrivia " "
8696 StringLiteral "\"\""
8697 CloseBraceToken "}"
8824 FirstTemplateToken "`}\n              onClick={handleWishlist}\n              title=\"Add to Wishlist\"\n            >\n              <Heart className={`"
8825 Identifier "h"
8826 MinusToken "-"
8827 FirstLiteralToken "6"
8828 WhitespaceTrivia " "
8829 Identifier "w"
8830 MinusToken "-"
8831 FirstLiteralToken "6"
8832 WhitespaceTrivia " "
8833 Identifier "$"
8834 FirstPunctuation "{"
8846 Identifier "isInWishlist"
8847 OpenParenToken "("
8854 Identifier "product"
8855 DotToken "."
8857 Identifier "id"
8858 CloseParenToken ")"
8859 WhitespaceTrivia " "
8860 QuestionToken "?"
8861 WhitespaceTrivia " "
8888 StringLiteral "\"fill-red-500 text-red-500\""
8889 WhitespaceTrivia " "
8890 ColonToken ":"
8891 WhitespaceTrivia " "
8893 StringLiteral "\"\""
8894 CloseBraceToken "}"
12964 FirstTemplateToken "`} />\n              <span className=\"sm:hidden ml-2\">Wishlist</span>\n            </Button>\n\n            {/* Share Button with Menu */}\n            <div className=\"flex-1 sm:flex-none relative\">\n              <Button \n                size=\"lg\" \n                variant=\"outline\" \n                className=\"w-full sm:w-auto sm:px-4 bg-transparent flex justify-center sm:justify-center\"\n                onClick={() => setShowShareMenu(!showShareMenu)}\n                title=\"Share Product\"\n              >\n                <Share2 className=\"h-6 w-6\" />\n                <span className=\"sm:hidden ml-2\">Share</span>\n              </Button>\n\n              {/* Share Menu */}\n              {showShareMenu && (\n                <div className=\"absolute top-full right-0 mt-2 w-56 bg-card border border-border rounded-lg shadow-lg z-10\">\n                  <button\n                    onClick={handleCopyLink}\n                    className=\"w-full px-4 py-4 text-left flex items-center gap-3 hover:bg-secondary transition-colors border-b border-border\"\n                  >\n                    <Copy className=\"h-5 w-5\" />\n                    <span className=\"text-sm font-medium\">Copy Link</span>\n                  </button>\n\n                  <button\n                    onClick={handleShareFacebook}\n                    className=\"w-full px-4 py-4 text-left flex items-center gap-3 hover:bg-secondary transition-colors border-b border-border\"\n                  >\n                    <Facebook className=\"h-5 w-5 text-blue-600\" />\n                    <span className=\"text-sm font-medium\">Share on Facebook</span>\n                  </button>\n\n                  <button\n                    onClick={handleShareWhatsApp}\n                    className=\"w-full px-4 py-4 text-left flex items-center gap-3 hover:bg-secondary transition-colors border-b border-border\"\n                  >\n                    <MessageCircle className=\"h-5 w-5 text-green-600\" />\n                    <span className=\"text-sm font-medium\">Share on WhatsApp</span>\n                  </button>\n\n                  <button\n                    onClick={handleShareEmail}\n                    className=\"w-full px-4 py-4 text-left flex items-center gap-3 hover:bg-secondary transition-colors\"\n                  >\n                    <Mail className=\"h-5 w-5\" />\n                    <span className=\"text-sm font-medium\">Share via Email</span>\n                  </button>\n                </div>\n              )}\n            </div>\n          </div>\n        </div>\n\n        {/* Trust Badges */}\n        <div className=\"grid grid-cols-3 gap-4 pt-6 border-t border-border\">\n          <div className=\"flex flex-col items-center text-center gap-2\">\n            <Truck className=\"h-6 w-6 text-primary\" />\n            <span className=\"text-xs text-muted-foreground\">Fast Delivery</span>\n          </div>\n          <div className=\"flex flex-col items-center text-center gap-2\">\n            <ShieldCheck className=\"h-6 w-6 text-primary\" />\n            <span className=\"text-xs text-muted-foreground\">100% Authentic</span>\n          </div>\n          <div className=\"flex flex-col items-center text-center gap-2\">\n            <RotateCcw className=\"h-6 w-6 text-primary\" />\n            <span className=\"text-xs text-muted-foreground\">Easy Returns</span>\n          </div>\n        </div>\n\n        {/* Full Description */}\n        <div className=\"pt-6 border-t border-border\">\n          <h3 className=\"font-semibold mb-3\">Description</h3>\n          <p className=\"text-muted-foreground leading-relaxed whitespace-pre-line\">{product.description}</p>\n        </div>\n\n        {/* Tags */}\n        {product.tags.length > 0 && (\n          <div className=\"pt-6 border-t border-border\">\n            <h3 className=\"font-semibold mb-3\">Tags</h3>\n            <div className=\"flex flex-wrap gap-2\">\n              {product.tags.map((tag) => (\n                <Badge key={tag} variant=\"secondary\">\n                  {tag}\n                </Badge>\n              ))}\n            </div>\n          </div>\n        )}\n      </div>\n    </div>\n  )\n}\n"